{"level":"info","message":"Listening on port","service":"user-service","timestamp":"2024-09-21 02:04:28"}
{"level":"info","message":"Connected to MongoDB...","service":"user-service","timestamp":"2024-09-21 02:04:28"}
{"level":"info","message":"Listening on port","service":"user-service","timestamp":"2024-09-21 02:04:47"}
{"level":"info","message":"Connected to MongoDB...","service":"user-service","timestamp":"2024-09-21 02:04:47"}
{"level":"info","message":"Listening on port","service":"user-service","timestamp":"2024-09-21 02:05:27"}
{"level":"info","message":"Connected to MongoDB...","service":"user-service","timestamp":"2024-09-21 02:05:27"}
{"level":"info","message":"Listening on port","service":"user-service","timestamp":"2024-09-21 02:13:50"}
{"level":"info","message":"Connected to MongoDB...","service":"user-service","timestamp":"2024-09-21 02:13:50"}
{"level":"info","message":"Listening on port","service":"user-service","timestamp":"2024-09-21 02:29:36"}
{"level":"info","message":"Connected to MongoDB...","service":"user-service","timestamp":"2024-09-21 02:29:36"}
{"level":"info","message":"Listening on port","service":"user-service","timestamp":"2024-09-21 02:30:24"}
{"level":"info","message":"Connected to MongoDB...","service":"user-service","timestamp":"2024-09-21 02:30:24"}
{"level":"info","message":"Listening on port","service":"user-service","timestamp":"2024-09-21 02:35:11"}
{"level":"info","message":"Connected to MongoDB...","service":"user-service","timestamp":"2024-09-21 02:35:11"}
{"level":"info","message":"Listening on port","service":"user-service","timestamp":"2024-09-21 03:18:04"}
{"level":"info","message":"Connected to MongoDB...","service":"user-service","timestamp":"2024-09-21 03:18:04"}
{"level":"info","message":"Listening on port","service":"user-service","timestamp":"2024-09-21 03:33:01"}
{"level":"info","message":"Connected to MongoDB...","service":"user-service","timestamp":"2024-09-21 03:33:01"}
{"level":"info","message":"Listening on port","service":"user-service","timestamp":"2024-09-21 03:38:47"}
{"level":"info","message":"Connected to MongoDB...","service":"user-service","timestamp":"2024-09-21 03:38:48"}
{"level":"info","message":"Listening on port","service":"user-service","timestamp":"2024-09-21 03:42:47"}
{"level":"info","message":"Connected to MongoDB...","service":"user-service","timestamp":"2024-09-21 03:42:47"}
{"level":"info","message":"Listening on port","service":"user-service","timestamp":"2024-09-21 03:45:14"}
{"level":"info","message":"Connected to MongoDB...","service":"user-service","timestamp":"2024-09-21 03:45:14"}
{"level":"info","message":"Listening on port","service":"user-service","timestamp":"2024-09-21 03:54:28"}
{"level":"info","message":"Connected to MongoDB...","service":"user-service","timestamp":"2024-09-21 03:54:28"}
{"level":"info","message":"Listening on port","service":"user-service","timestamp":"2024-09-21 03:56:39"}
{"level":"info","message":"Connected to MongoDB...","service":"user-service","timestamp":"2024-09-21 03:56:39"}
{"level":"info","message":"Listening on port","service":"user-service","timestamp":"2024-09-21 03:57:02"}
{"level":"info","message":"Connected to MongoDB...","service":"user-service","timestamp":"2024-09-21 03:57:02"}
{"level":"info","message":"Listening on port","service":"user-service","timestamp":"2024-09-21 04:16:32"}
{"level":"info","message":"Connected to MongoDB...","service":"user-service","timestamp":"2024-09-21 04:16:32"}
{"level":"info","message":"Listening on port","service":"user-service","timestamp":"2024-09-21 04:16:58"}
{"level":"info","message":"Connected to MongoDB...","service":"user-service","timestamp":"2024-09-21 04:16:58"}
{"level":"info","message":"Listening on port","service":"user-service","timestamp":"2024-09-21 04:17:10"}
{"level":"info","message":"Connected to MongoDB...","service":"user-service","timestamp":"2024-09-21 04:17:10"}
{"level":"info","message":"Listening on port","service":"user-service","timestamp":"2024-09-21 04:18:03"}
{"level":"info","message":"Connected to MongoDB...","service":"user-service","timestamp":"2024-09-21 04:18:03"}
{"level":"info","message":"Listening on port","service":"user-service","timestamp":"2024-09-21 04:23:33"}
{"level":"info","message":"Connected to MongoDB...","service":"user-service","timestamp":"2024-09-21 04:23:33"}
{"level":"info","message":"Listening on port","service":"user-service","timestamp":"2024-09-21 04:24:40"}
{"level":"info","message":"Connected to MongoDB...","service":"user-service","timestamp":"2024-09-21 04:24:40"}
{"level":"info","message":"Listening on port","service":"user-service","timestamp":"2024-09-21 04:25:24"}
{"level":"info","message":"Connected to MongoDB...","service":"user-service","timestamp":"2024-09-21 04:25:24"}
{"level":"info","message":"Listening on port","service":"user-service","timestamp":"2024-09-21 04:25:49"}
{"level":"info","message":"Connected to MongoDB...","service":"user-service","timestamp":"2024-09-21 04:25:49"}
{"level":"info","message":"Listening on port","service":"user-service","timestamp":"2024-09-21 04:27:02"}
{"level":"info","message":"Connected to MongoDB...","service":"user-service","timestamp":"2024-09-21 04:27:02"}
{"level":"info","message":"Listening on port","service":"user-service","timestamp":"2024-09-21 04:28:42"}
{"level":"info","message":"Connected to MongoDB...","service":"user-service","timestamp":"2024-09-21 04:28:42"}
{"level":"info","message":"Listening on port","service":"user-service","timestamp":"2024-09-21 04:46:29"}
{"level":"info","message":"Connected to MongoDB...","service":"user-service","timestamp":"2024-09-21 04:46:30"}
{"level":"info","message":"Listening on port","service":"user-service","timestamp":"2024-09-21 04:47:37"}
{"level":"info","message":"Connected to MongoDB...","service":"user-service","timestamp":"2024-09-21 04:47:37"}
{"level":"error","message":"err is not defined","service":"user-service","stack":"ReferenceError: err is not defined\n    at exports.createUser (D:\\Uni\\Semester7\\PBL6\\Code\\UserService\\src\\api\\v1\\controllers\\userController.js:12:5)\n    at process.processTicksAndRejections (node:internal/process/task_queues:95:5)","timestamp":"2024-09-21 04:47:41"}
{"level":"info","message":"Listening on port","service":"user-service","timestamp":"2024-09-21 04:47:45"}
{"level":"info","message":"Connected to MongoDB...","service":"user-service","timestamp":"2024-09-21 04:47:45"}
{"level":"error","message":"err is not defined","service":"user-service","stack":"ReferenceError: err is not defined\n    at exports.createUser (D:\\Uni\\Semester7\\PBL6\\Code\\UserService\\src\\api\\v1\\controllers\\userController.js:12:5)\n    at process.processTicksAndRejections (node:internal/process/task_queues:95:5)","timestamp":"2024-09-21 04:47:49"}
{"level":"info","message":"Listening on port","service":"user-service","timestamp":"2024-09-21 04:48:32"}
{"level":"info","message":"Connected to MongoDB...","service":"user-service","timestamp":"2024-09-21 04:48:32"}
{"level":"info","message":"Listening on port","service":"user-service","timestamp":"2024-09-21 04:49:24"}
{"level":"info","message":"Connected to MongoDB...","service":"user-service","timestamp":"2024-09-21 04:49:24"}
{"level":"info","message":"Listening on port","service":"user-service","timestamp":"2024-09-21 05:05:43"}
{"level":"info","message":"Connected to MongoDB...","service":"user-service","timestamp":"2024-09-21 05:05:43"}
{"level":"info","message":"Listening on port","service":"user-service","timestamp":"2024-09-21 05:06:26"}
{"level":"info","message":"Connected to MongoDB...","service":"user-service","timestamp":"2024-09-21 05:06:26"}
{"level":"info","message":"Listening on port","service":"user-service","timestamp":"2024-09-21 05:07:30"}
{"level":"info","message":"Connected to MongoDB...","service":"user-service","timestamp":"2024-09-21 05:07:30"}
{"level":"info","message":"Listening on port","service":"user-service","timestamp":"2024-09-21 05:32:28"}
{"level":"info","message":"Connected to MongoDB...","service":"user-service","timestamp":"2024-09-21 05:32:28"}
{"level":"info","message":"Listening on port","service":"user-service","timestamp":"2024-09-21 05:47:40"}
{"level":"info","message":"Connected to MongoDB...","service":"user-service","timestamp":"2024-09-21 05:47:40"}
{"level":"info","message":"Listening on port","service":"user-service","timestamp":"2024-09-21 05:51:09"}
{"level":"info","message":"Connected to MongoDB...","service":"user-service","timestamp":"2024-09-21 05:51:09"}
{"level":"info","message":"Listening on port","service":"user-service","timestamp":"2024-09-21 05:52:04"}
{"level":"info","message":"Connected to MongoDB...","service":"user-service","timestamp":"2024-09-21 05:52:04"}
{"level":"info","message":"Listening on port","service":"user-service","timestamp":"2024-09-21 05:52:42"}
{"level":"info","message":"Connected to MongoDB...","service":"user-service","timestamp":"2024-09-21 05:52:42"}
{"level":"info","message":"Listening on port","service":"user-service","timestamp":"2024-09-21 05:53:08"}
{"level":"info","message":"Connected to MongoDB...","service":"user-service","timestamp":"2024-09-21 05:53:08"}
{"level":"info","message":"Connected to MongoDB...","service":"user-service","timestamp":"2024-09-26 20:25:44"}
{"level":"info","message":"Connected to MongoDB...","service":"user-service","timestamp":"2024-09-26 20:42:31"}
{"level":"info","message":"Connected to MongoDB...","service":"user-service","timestamp":"2024-09-26 20:52:52"}
{"level":"info","message":"Connected to MongoDB...","service":"user-service","timestamp":"2024-09-26 20:54:46"}
{"level":"info","message":"Connected to MongoDB...","service":"user-service","timestamp":"2024-09-26 21:06:30"}
{"level":"info","message":"Connected to MongoDB...","service":"user-service","timestamp":"2024-09-30 01:05:39"}
{"level":"info","message":"Connected to MongoDB...","service":"user-service","timestamp":"2024-09-30 01:15:40"}
{"level":"info","message":"Connected to MongoDB...","service":"user-service","timestamp":"2024-09-30 01:20:01"}
{"level":"info","message":"Connected to MongoDB...","service":"user-service","timestamp":"2024-09-30 01:56:50"}
{"level":"info","message":"Connected to MongoDB...","service":"user-service","timestamp":"2024-09-30 02:06:48"}
{"level":"info","message":"Connected to MongoDB...","service":"user-service","timestamp":"2024-09-30 02:08:22"}
{"level":"info","message":"Connected to MongoDB...","service":"user-service","timestamp":"2024-09-30 02:17:12"}
{"level":"info","message":"Connected to MongoDB...","service":"user-service","timestamp":"2024-09-30 02:19:28"}
{"level":"info","message":"Connected to MongoDB...","service":"user-service","timestamp":"2024-09-30 02:19:47"}
{"level":"info","message":"Connected to MongoDB...","service":"user-service","timestamp":"2024-09-30 02:20:12"}
{"level":"info","message":"Connected to MongoDB...","service":"user-service","timestamp":"2024-09-30 02:21:50"}
{"level":"info","message":"Connected to MongoDB...","service":"user-service","timestamp":"2024-09-30 03:15:24"}
{"level":"info","message":"Connected to MongoDB...","service":"user-service","timestamp":"2024-09-30 03:18:35"}
{"level":"info","message":"Connected to MongoDB...","service":"user-service","timestamp":"2024-09-30 03:20:11"}
{"level":"error","message":"Failed to getUserSkills: Cannot read properties of undefined (reading 'id')","service":"user-service","stack":"Error: Failed to getUserSkills: Cannot read properties of undefined (reading 'id')\n    at exports.addUserSkill (D:\\Uni\\Semester7\\PBL6\\Code\\UserService\\src\\api\\v1\\services\\userService.js:93:11)\n    at exports.addUserSkill (D:\\Uni\\Semester7\\PBL6\\Code\\UserService\\src\\api\\v1\\controllers\\userController.js:112:34)\n    at Layer.handle [as handle_request] (D:\\Uni\\Semester7\\PBL6\\Code\\UserService\\node_modules\\express\\lib\\router\\layer.js:95:5)\n    at next (D:\\Uni\\Semester7\\PBL6\\Code\\UserService\\node_modules\\express\\lib\\router\\route.js:149:13)\n    at Route.dispatch (D:\\Uni\\Semester7\\PBL6\\Code\\UserService\\node_modules\\express\\lib\\router\\route.js:119:3)\n    at Layer.handle [as handle_request] (D:\\Uni\\Semester7\\PBL6\\Code\\UserService\\node_modules\\express\\lib\\router\\layer.js:95:5)\n    at D:\\Uni\\Semester7\\PBL6\\Code\\UserService\\node_modules\\express\\lib\\router\\index.js:284:15\n    at Function.process_params (D:\\Uni\\Semester7\\PBL6\\Code\\UserService\\node_modules\\express\\lib\\router\\index.js:346:12)\n    at next (D:\\Uni\\Semester7\\PBL6\\Code\\UserService\\node_modules\\express\\lib\\router\\index.js:280:10)\n    at Function.handle (D:\\Uni\\Semester7\\PBL6\\Code\\UserService\\node_modules\\express\\lib\\router\\index.js:175:3)","timestamp":"2024-09-30 03:24:25"}
{"level":"info","message":"Connected to MongoDB...","service":"user-service","timestamp":"2024-09-30 03:26:08"}
{"level":"info","message":"Connected to MongoDB...","service":"user-service","timestamp":"2024-09-30 03:28:08"}
{"level":"info","message":"Connected to MongoDB...","service":"user-service","timestamp":"2024-09-30 03:31:44"}
{"level":"info","message":"Connected to MongoDB...","service":"user-service","timestamp":"2024-09-30 04:07:31"}
{"level":"info","message":"Connected to MongoDB...","service":"user-service","timestamp":"2024-09-30 04:09:56"}
{"level":"error","message":"Failed to getUserSkills: Cast to embedded failed for value \"{ _id: '66f5614ae8fafa41aacdf1447', title: 'python' }\" (type Object) at path \"skills\" because of \"CastError\"","service":"user-service","stack":"Error: Failed to getUserSkills: Cast to embedded failed for value \"{ _id: '66f5614ae8fafa41aacdf1447', title: 'python' }\" (type Object) at path \"skills\" because of \"CastError\"\n    at exports.addUserSkill (D:\\Uni\\Semester7\\PBL6\\Code\\UserService\\src\\api\\v1\\services\\userService.js:94:11)\n    at process.processTicksAndRejections (node:internal/process/task_queues:95:5)","timestamp":"2024-09-30 04:11:00"}
{"level":"info","message":"Connected to MongoDB...","service":"user-service","timestamp":"2024-09-30 04:15:05"}
{"level":"error","message":"Failed to getUserSkills: Cast to embedded failed for value \"{ _id: '66f5614ae8fafa41aacdf1447', title: 'python' }\" (type Object) at path \"skills\" because of \"CastError\"","service":"user-service","stack":"Error: Failed to getUserSkills: Cast to embedded failed for value \"{ _id: '66f5614ae8fafa41aacdf1447', title: 'python' }\" (type Object) at path \"skills\" because of \"CastError\"\n    at exports.addUserSkill (D:\\Uni\\Semester7\\PBL6\\Code\\UserService\\src\\api\\v1\\services\\userService.js:94:11)\n    at process.processTicksAndRejections (node:internal/process/task_queues:95:5)","timestamp":"2024-09-30 04:15:08"}
{"level":"info","message":"Connected to MongoDB...","service":"user-service","timestamp":"2024-09-30 04:16:41"}
{"level":"info","message":"Connected to MongoDB...","service":"user-service","timestamp":"2024-09-30 04:18:33"}
{"level":"info","message":"Connected to MongoDB...","service":"user-service","timestamp":"2024-09-30 04:20:10"}
{"level":"info","message":"Connected to MongoDB...","service":"user-service","timestamp":"2024-09-30 04:21:14"}
{"level":"info","message":"Connected to MongoDB...","service":"user-service","timestamp":"2024-09-30 04:23:09"}
{"level":"info","message":"Connected to MongoDB...","service":"user-service","timestamp":"2024-09-30 04:27:51"}
{"level":"info","message":"Connected to MongoDB...","service":"user-service","timestamp":"2024-09-30 04:28:29"}
{"level":"info","message":"Connected to MongoDB...","service":"user-service","timestamp":"2024-09-30 04:30:20"}
{"level":"info","message":"Connected to MongoDB...","service":"user-service","timestamp":"2024-09-30 04:31:23"}
{"level":"info","message":"Connected to MongoDB...","service":"user-service","timestamp":"2024-09-30 04:50:49"}
{"level":"info","message":"Connected to MongoDB...","service":"user-service","timestamp":"2024-09-30 05:14:27"}
{"level":"info","message":"Connected to MongoDB...","service":"user-service","timestamp":"2024-09-30 05:16:10"}
{"level":"info","message":"Connected to MongoDB...","service":"user-service","timestamp":"2024-09-30 05:24:45"}
{"level":"info","message":"Connected to MongoDB...","service":"user-service","timestamp":"2024-09-30 05:28:47"}
{"level":"info","message":"Connected to MongoDB...","service":"user-service","timestamp":"2024-09-30 05:30:53"}
{"level":"info","message":"Connected to MongoDB...","service":"user-service","timestamp":"2024-09-30 05:36:50"}
{"level":"info","message":"Connected to MongoDB...","service":"user-service","timestamp":"2024-09-30 05:40:04"}
{"level":"info","message":"Connected to MongoDB...","service":"user-service","timestamp":"2024-09-30 05:45:39"}
{"level":"info","message":"Connected to MongoDB...","service":"user-service","timestamp":"2024-09-30 06:03:10"}
{"level":"info","message":"Connected to MongoDB...","service":"user-service","timestamp":"2024-09-30 06:04:08"}
{"level":"info","message":"Connected to MongoDB...","service":"user-service","timestamp":"2024-09-30 06:06:15"}
{"level":"info","message":"Connected to MongoDB...","service":"user-service","timestamp":"2024-09-30 16:12:50"}
{"level":"info","message":"Connected to MongoDB...","service":"user-service","timestamp":"2024-09-30 16:19:35"}
{"level":"info","message":"Connected to MongoDB...","service":"user-service","timestamp":"2024-09-30 16:23:51"}
{"level":"info","message":"Connected to MongoDB...","service":"user-service","timestamp":"2024-09-30 16:25:53"}
{"level":"info","message":"Connected to MongoDB...","service":"user-service","timestamp":"2024-09-30 16:27:00"}
{"level":"info","message":"Connected to MongoDB...","service":"user-service","timestamp":"2024-09-30 16:31:34"}
{"level":"info","message":"Connected to MongoDB...","service":"user-service","timestamp":"2024-09-30 16:37:20"}
{"level":"info","message":"Connected to MongoDB...","service":"user-service","timestamp":"2024-09-30 16:39:56"}
{"level":"info","message":"Connected to MongoDB...","service":"user-service","timestamp":"2024-09-30 16:42:15"}
{"level":"info","message":"Connected to MongoDB...","service":"user-service","timestamp":"2024-09-30 16:43:31"}
{"level":"info","message":"Connected to MongoDB...","service":"user-service","timestamp":"2024-09-30 16:44:02"}
{"level":"info","message":"Connected to MongoDB...","service":"user-service","timestamp":"2024-09-30 16:45:14"}
{"level":"info","message":"Connected to MongoDB...","service":"user-service","timestamp":"2024-09-30 16:55:30"}
{"level":"info","message":"Connected to MongoDB...","service":"user-service","timestamp":"2024-09-30 17:06:08"}
{"level":"info","message":"Connected to MongoDB...","service":"user-service","timestamp":"2024-09-30 17:08:22"}
{"level":"info","message":"Connected to MongoDB...","service":"user-service","timestamp":"2024-09-30 17:10:54"}
{"level":"info","message":"Connected to MongoDB...","service":"user-service","timestamp":"2024-09-30 17:13:20"}
{"level":"info","message":"Connected to MongoDB...","service":"user-service","timestamp":"2024-09-30 17:14:56"}
{"level":"info","message":"Connected to MongoDB...","service":"user-service","timestamp":"2024-09-30 17:16:13"}
{"level":"info","message":"Connected to MongoDB...","service":"user-service","timestamp":"2024-09-30 17:17:53"}
{"level":"info","message":"Connected to MongoDB...","service":"user-service","timestamp":"2024-09-30 17:18:16"}
{"level":"info","message":"Connected to MongoDB...","service":"user-service","timestamp":"2024-09-30 17:21:12"}
{"level":"info","message":"Connected to MongoDB...","service":"user-service","timestamp":"2024-09-30 17:32:10"}
{"level":"info","message":"Connected to MongoDB...","service":"user-service","timestamp":"2024-09-30 17:32:56"}
{"level":"info","message":"Connected to MongoDB...","service":"user-service","timestamp":"2024-09-30 17:36:01"}
{"level":"info","message":"Connected to MongoDB...","service":"user-service","timestamp":"2024-09-30 17:53:14"}
{"level":"info","message":"Connected to MongoDB...","service":"user-service","timestamp":"2024-09-30 17:55:08"}
{"level":"info","message":"Connected to MongoDB...","service":"user-service","timestamp":"2024-09-30 17:56:09"}
{"level":"info","message":"Connected to MongoDB...","service":"user-service","timestamp":"2024-09-30 18:09:26"}
{"level":"info","message":"Connected to MongoDB...","service":"user-service","timestamp":"2024-09-30 18:12:20"}
{"level":"info","message":"Connected to MongoDB...","service":"user-service","timestamp":"2024-09-30 18:14:33"}
{"level":"info","message":"Connected to MongoDB...","service":"user-service","timestamp":"2024-09-30 18:15:12"}
{"level":"info","message":"Connected to MongoDB...","service":"user-service","timestamp":"2024-09-30 18:22:45"}
{"level":"info","message":"Connected to MongoDB...","service":"user-service","timestamp":"2024-09-30 18:24:38"}
{"level":"info","message":"Connected to MongoDB...","service":"user-service","timestamp":"2024-09-30 18:25:05"}
{"level":"info","message":"Connected to MongoDB...","service":"user-service","timestamp":"2024-09-30 18:30:20"}
{"level":"info","message":"Connected to MongoDB...","service":"user-service","timestamp":"2024-09-30 18:33:33"}
{"level":"info","message":"Connected to MongoDB...","service":"user-service","timestamp":"2024-09-30 18:46:32"}
{"level":"info","message":"Connected to MongoDB...","service":"user-service","timestamp":"2024-09-30 18:48:13"}
{"level":"info","message":"Connected to MongoDB...","service":"user-service","timestamp":"2024-09-30 18:53:52"}
{"level":"info","message":"Connected to MongoDB...","service":"user-service","timestamp":"2024-09-30 19:03:20"}
{"level":"info","message":"Connected to MongoDB...","service":"user-service","timestamp":"2024-09-30 19:05:20"}
{"level":"info","message":"Connected to MongoDB...","service":"user-service","timestamp":"2024-09-30 19:07:52"}
{"level":"info","message":"Connected to MongoDB...","service":"user-service","timestamp":"2024-10-01 00:51:58"}
{"level":"info","message":"Connected to MongoDB...","service":"user-service","timestamp":"2024-10-01 00:54:22"}
{"level":"info","message":"Connected to MongoDB...","service":"user-service","timestamp":"2024-10-01 00:55:30"}
{"level":"info","message":"Connected to MongoDB...","service":"user-service","timestamp":"2024-10-02 00:46:20"}
{"level":"info","message":"Connected to MongoDB...","service":"user-service","timestamp":"2024-10-02 00:50:03"}
{"level":"info","message":"Connected to MongoDB...","service":"user-service","timestamp":"2024-10-02 00:52:42"}
{"level":"info","message":"Connected to MongoDB...","service":"user-service","timestamp":"2024-10-02 01:14:38"}
{"level":"info","message":"Connected to MongoDB...","service":"user-service","timestamp":"2024-10-02 01:15:38"}
{"level":"info","message":"Connected to MongoDB...","service":"user-service","timestamp":"2024-10-02 01:16:46"}
{"level":"info","message":"Connected to MongoDB...","service":"user-service","timestamp":"2024-10-02 01:18:32"}
{"level":"info","message":"Connected to MongoDB...","service":"user-service","timestamp":"2024-10-02 01:57:59"}
{"level":"info","message":"Connected to MongoDB...","service":"user-service","timestamp":"2024-10-02 02:02:40"}
{"level":"info","message":"Connected to MongoDB...","service":"user-service","timestamp":"2024-10-02 02:08:00"}
{"level":"info","message":"Connected to MongoDB...","service":"user-service","timestamp":"2024-10-02 02:15:55"}
{"level":"info","message":"Connected to MongoDB...","service":"user-service","timestamp":"2024-10-02 02:16:38"}
{"level":"info","message":"Connected to MongoDB...","service":"user-service","timestamp":"2024-10-02 02:17:34"}
{"level":"info","message":"Connected to MongoDB...","service":"user-service","timestamp":"2024-10-02 02:19:02"}
{"level":"info","message":"Connected to MongoDB...","service":"user-service","timestamp":"2024-10-02 03:18:51"}
{"level":"error","message":"next is not defined","service":"user-service","stack":"ReferenceError: next is not defined\n    at exports.test (D:\\Uni\\Semester7\\PBL6\\Code\\UserService\\src\\api\\v1\\controllers\\userController.js:9:5)\n    at process.processTicksAndRejections (node:internal/process/task_queues:95:5)","timestamp":"2024-10-02 03:19:06"}
{"level":"info","message":"Connected to MongoDB...","service":"user-service","timestamp":"2024-10-02 03:20:14"}
{"level":"error","message":"An error occurred this is an error","service":"user-service","stack":"Error: this is an error\n    at exports.test (D:\\Uni\\Semester7\\PBL6\\Code\\UserService\\src\\api\\v1\\services\\userService.js:8:9)\n    at exports.test (D:\\Uni\\Semester7\\PBL6\\Code\\UserService\\src\\api\\v1\\controllers\\userController.js:5:38)\n    at Layer.handle [as handle_request] (D:\\Uni\\Semester7\\PBL6\\Code\\UserService\\node_modules\\express\\lib\\router\\layer.js:95:5)\n    at next (D:\\Uni\\Semester7\\PBL6\\Code\\UserService\\node_modules\\express\\lib\\router\\route.js:149:13)\n    at Route.dispatch (D:\\Uni\\Semester7\\PBL6\\Code\\UserService\\node_modules\\express\\lib\\router\\route.js:119:3)\n    at Layer.handle [as handle_request] (D:\\Uni\\Semester7\\PBL6\\Code\\UserService\\node_modules\\express\\lib\\router\\layer.js:95:5)\n    at D:\\Uni\\Semester7\\PBL6\\Code\\UserService\\node_modules\\express\\lib\\router\\index.js:284:15\n    at Function.process_params (D:\\Uni\\Semester7\\PBL6\\Code\\UserService\\node_modules\\express\\lib\\router\\index.js:346:12)\n    at next (D:\\Uni\\Semester7\\PBL6\\Code\\UserService\\node_modules\\express\\lib\\router\\index.js:280:10)\n    at Function.handle (D:\\Uni\\Semester7\\PBL6\\Code\\UserService\\node_modules\\express\\lib\\router\\index.js:175:3)","timestamp":"2024-10-02 03:20:17"}
{"level":"info","message":"Connected to MongoDB...","service":"user-service","timestamp":"2024-10-02 03:22:37"}
{"level":"info","message":"Connected to MongoDB...","service":"user-service","timestamp":"2024-10-02 03:27:26"}
{"level":"info","message":"Connected to MongoDB...","service":"user-service","timestamp":"2024-10-02 03:28:59"}
{"level":"info","message":"Connected to MongoDB...","service":"user-service","timestamp":"2024-10-02 03:29:27"}
{"level":"info","message":"Connected to MongoDB...","service":"user-service","timestamp":"2024-10-02 21:29:11"}
{"level":"info","message":"Connected to MongoDB...","service":"user-service","timestamp":"2024-10-21 02:50:19"}
{"level":"info","message":"Connected to MongoDB...","service":"user-service","timestamp":"2024-10-21 02:55:58"}
{"level":"info","message":"Connected to MongoDB...","service":"user-service","timestamp":"2024-10-21 02:56:48"}
{"level":"info","message":"Connected to MongoDB...","service":"user-service","timestamp":"2024-10-21 03:33:25"}
{"level":"info","message":"Connected to MongoDB...","service":"user-service","timestamp":"2024-10-21 03:35:25"}
{"level":"info","message":"Connected to MongoDB...","service":"user-service","timestamp":"2024-10-21 03:57:17"}
{"level":"info","message":"Connected to MongoDB...","service":"user-service","timestamp":"2024-10-21 05:30:04"}
{"level":"info","message":"Connected to MongoDB...","service":"user-service","timestamp":"2024-10-21 05:35:03"}
{"level":"info","message":"Connected to MongoDB...","service":"user-service","timestamp":"2024-10-21 05:38:51"}
{"level":"info","message":"Connected to MongoDB...","service":"user-service","timestamp":"2024-10-21 05:42:16"}
{"level":"info","message":"Connected to MongoDB...","service":"user-service","timestamp":"2024-10-21 05:47:05"}
{"level":"info","message":"Connected to MongoDB...","service":"user-service","timestamp":"2024-10-21 05:49:46"}
{"level":"info","message":"Connected to MongoDB...","service":"user-service","timestamp":"2024-10-21 05:52:19"}
{"level":"info","message":"Connected to MongoDB...","service":"user-service","timestamp":"2024-10-21 05:55:00"}
{"level":"info","message":"Connected to MongoDB...","service":"user-service","timestamp":"2024-10-21 06:01:52"}
{"level":"info","message":"Connected to MongoDB...","service":"user-service","timestamp":"2024-10-21 06:03:09"}
{"level":"info","message":"Connected to MongoDB...","service":"user-service","timestamp":"2024-10-21 06:13:31"}
{"level":"error","message":"err is not defined","service":"user-service","stack":"ReferenceError: err is not defined\n    at exports.addUserSkill (D:\\Uni\\Semester7\\PBL6\\Code\\UserService\\src\\api\\v1\\controllers\\userController.js:90:10)\n    at process.processTicksAndRejections (node:internal/process/task_queues:95:5)","timestamp":"2024-10-21 06:14:42"}
{"level":"info","message":"Connected to MongoDB...","service":"user-service","timestamp":"2024-10-21 06:15:43"}
{"level":"error","message":"err is not defined","service":"user-service","stack":"ReferenceError: err is not defined\n    at exports.addUserSkill (D:\\Uni\\Semester7\\PBL6\\Code\\UserService\\src\\api\\v1\\controllers\\userController.js:90:10)\n    at process.processTicksAndRejections (node:internal/process/task_queues:95:5)","timestamp":"2024-10-21 06:15:46"}
{"level":"info","message":"Connected to MongoDB...","service":"user-service","timestamp":"2024-10-21 06:17:12"}
{"level":"info","message":"Connected to MongoDB...","service":"user-service","timestamp":"2024-10-21 06:27:28"}
{"level":"info","message":"Connected to MongoDB...","service":"user-service","timestamp":"2024-10-21 06:31:54"}
{"level":"info","message":"Connected to MongoDB...","service":"user-service","timestamp":"2024-10-22 09:41:24"}
{"level":"info","message":"Connected to MongoDB...","service":"user-service","timestamp":"2024-10-22 09:43:57"}
{"level":"info","message":"Connected to MongoDB...","service":"user-service","timestamp":"2024-10-22 09:46:15"}
{"level":"info","message":"Connected to MongoDB...","service":"user-service","timestamp":"2024-10-22 09:48:11"}
{"level":"info","message":"Connected to MongoDB...","service":"user-service","timestamp":"2024-10-22 10:01:14"}
{"level":"info","message":"Connected to MongoDB...","service":"user-service","timestamp":"2024-10-22 10:03:15"}
{"level":"info","message":"Connected to MongoDB...","service":"user-service","timestamp":"2024-10-22 10:05:02"}
